[0.006s] Invoking command in '/home/ohheemin/RP/build/rplidar_ros': /usr/bin/cmake /home/ohheemin/RP/rplidar_ros -DCATKIN_INSTALL_INTO_PREFIX_ROOT=0 -DCMAKE_INSTALL_PREFIX=/home/ohheemin/RP/install/rplidar_ros
[0.011s] [0mCMake Deprecation Warning at CMakeLists.txt:1 (cmake_minimum_required):
[0.011s]   Compatibility with CMake < 2.8.12 will be removed from a future version of
[0.011s]   CMake.
[0.011s] 
[0.011s]   Update the VERSION argument <min> value or use a ...<max> suffix to tell
[0.011s]   CMake that the project does not need compatibility with older versions.
[0.011s] 
[0.011s] [0m
[0.064s] -- The C compiler identification is GNU 11.4.0
[0.109s] -- The CXX compiler identification is GNU 11.4.0
[0.116s] -- Detecting C compiler ABI info
[0.160s] -- Detecting C compiler ABI info - done
[0.164s] -- Check for working C compiler: /usr/bin/cc - skipped
[0.165s] -- Detecting C compile features
[0.165s] -- Detecting C compile features - done
[0.168s] -- Detecting CXX compiler ABI info
[0.215s] -- Detecting CXX compiler ABI info - done
[0.219s] -- Check for working CXX compiler: /usr/bin/c++ - skipped
[0.220s] -- Detecting CXX compile features
[0.220s] -- Detecting CXX compile features - done
[0.228s] [31mCMake Error at CMakeLists.txt:16 (find_package):
[0.228s]   By not providing "Findcatkin.cmake" in CMAKE_MODULE_PATH this project has
[0.228s]   asked CMake to find a package configuration file provided by "catkin", but
[0.228s]   CMake did not find one.
[0.228s] 
[0.228s]   Could not find a package configuration file provided by "catkin" with any
[0.228s]   of the following names:
[0.228s] 
[0.228s]     catkinConfig.cmake
[0.228s]     catkin-config.cmake
[0.228s] 
[0.228s]   Add the installation prefix of "catkin" to CMAKE_PREFIX_PATH or set
[0.228s]   "catkin_DIR" to a directory containing one of the above files.  If "catkin"
[0.228s]   provides a separate development package or SDK, be sure it has been
[0.228s]   installed.
[0.228s] 
[0.228s] [0m
[0.228s] -- Configuring incomplete, errors occurred!
[0.228s] See also "/home/ohheemin/RP/build/rplidar_ros/CMakeFiles/CMakeOutput.log".
[0.231s] Invoked command in '/home/ohheemin/RP/build/rplidar_ros' returned '1': /usr/bin/cmake /home/ohheemin/RP/rplidar_ros -DCATKIN_INSTALL_INTO_PREFIX_ROOT=0 -DCMAKE_INSTALL_PREFIX=/home/ohheemin/RP/install/rplidar_ros
