[0.007s] Invoking command in '/home/ohheemin/RP/build/sllidar_ros2': CMAKE_PREFIX_PATH=/opt/ros/humble /usr/bin/cmake --build /home/ohheemin/RP/build/sllidar_ros2 -- -j32 -l32
[0.074s] [ 10%] Built target sllidar_client
[0.077s] [100%] Built target sllidar_node
[0.084s] Invoked command in '/home/ohheemin/RP/build/sllidar_ros2' returned '0': CMAKE_PREFIX_PATH=/opt/ros/humble /usr/bin/cmake --build /home/ohheemin/RP/build/sllidar_ros2 -- -j32 -l32
[0.090s] Invoking command in '/home/ohheemin/RP/build/sllidar_ros2': CMAKE_PREFIX_PATH=/opt/ros/humble /usr/bin/cmake --install /home/ohheemin/RP/build/sllidar_ros2
[0.095s] -- Install configuration: ""
[0.095s] -- Up-to-date: /home/ohheemin/RP/install/sllidar_ros2/share/sllidar_ros2/launch
[0.095s] -- Up-to-date: /home/ohheemin/RP/install/sllidar_ros2/share/sllidar_ros2/launch/sllidar_a2m8_launch.py
[0.095s] -- Up-to-date: /home/ohheemin/RP/install/sllidar_ros2/share/sllidar_ros2/launch/view_sllidar_a2m8_launch.py
[0.095s] -- Up-to-date: /home/ohheemin/RP/install/sllidar_ros2/share/sllidar_ros2/rviz
[0.095s] -- Up-to-date: /home/ohheemin/RP/install/sllidar_ros2/share/sllidar_ros2/rviz/sllidar_ros2.rviz
[0.096s] -- Up-to-date: /home/ohheemin/RP/install/sllidar_ros2/lib/sllidar_ros2/sllidar_node
[0.097s] -- Up-to-date: /home/ohheemin/RP/install/sllidar_ros2/lib/sllidar_ros2/sllidar_client
[0.097s] -- Up-to-date: /home/ohheemin/RP/install/sllidar_ros2/share/ament_index/resource_index/package_run_dependencies/sllidar_ros2
[0.097s] -- Up-to-date: /home/ohheemin/RP/install/sllidar_ros2/share/ament_index/resource_index/parent_prefix_path/sllidar_ros2
[0.097s] -- Up-to-date: /home/ohheemin/RP/install/sllidar_ros2/share/sllidar_ros2/environment/ament_prefix_path.sh
[0.097s] -- Up-to-date: /home/ohheemin/RP/install/sllidar_ros2/share/sllidar_ros2/environment/ament_prefix_path.dsv
[0.097s] -- Up-to-date: /home/ohheemin/RP/install/sllidar_ros2/share/sllidar_ros2/environment/path.sh
[0.097s] -- Up-to-date: /home/ohheemin/RP/install/sllidar_ros2/share/sllidar_ros2/environment/path.dsv
[0.097s] -- Up-to-date: /home/ohheemin/RP/install/sllidar_ros2/share/sllidar_ros2/local_setup.bash
[0.097s] -- Up-to-date: /home/ohheemin/RP/install/sllidar_ros2/share/sllidar_ros2/local_setup.sh
[0.097s] -- Up-to-date: /home/ohheemin/RP/install/sllidar_ros2/share/sllidar_ros2/local_setup.zsh
[0.097s] -- Up-to-date: /home/ohheemin/RP/install/sllidar_ros2/share/sllidar_ros2/local_setup.dsv
[0.097s] -- Installing: /home/ohheemin/RP/install/sllidar_ros2/share/sllidar_ros2/package.dsv
[0.098s] -- Up-to-date: /home/ohheemin/RP/install/sllidar_ros2/share/ament_index/resource_index/packages/sllidar_ros2
[0.098s] -- Up-to-date: /home/ohheemin/RP/install/sllidar_ros2/share/sllidar_ros2/cmake/ament_cmake_export_dependencies-extras.cmake
[0.098s] -- Up-to-date: /home/ohheemin/RP/install/sllidar_ros2/share/sllidar_ros2/cmake/ament_cmake_export_include_directories-extras.cmake
[0.098s] -- Up-to-date: /home/ohheemin/RP/install/sllidar_ros2/share/sllidar_ros2/cmake/sllidar_ros2Config.cmake
[0.098s] -- Up-to-date: /home/ohheemin/RP/install/sllidar_ros2/share/sllidar_ros2/cmake/sllidar_ros2Config-version.cmake
[0.098s] -- Up-to-date: /home/ohheemin/RP/install/sllidar_ros2/share/sllidar_ros2/package.xml
[0.099s] Invoked command in '/home/ohheemin/RP/build/sllidar_ros2' returned '0': CMAKE_PREFIX_PATH=/opt/ros/humble /usr/bin/cmake --install /home/ohheemin/RP/build/sllidar_ros2
