[0.006s] Invoking command in '/home/ohheemin/RP/build/rplidar_ros': /usr/bin/cmake /home/ohheemin/RP/rplidar_ros -DCATKIN_INSTALL_INTO_PREFIX_ROOT=0 -DCMAKE_INSTALL_PREFIX=/home/ohheemin/RP/install/rplidar_ros
[0.011s] [0mCMake Deprecation Warning at CMakeLists.txt:1 (cmake_minimum_required):
[0.011s]   Compatibility with CMake < 2.8.12 will be removed from a future version of
[0.012s]   CMake.
[0.012s] 
[0.012s]   Update the VERSION argument <min> value or use a ...<max> suffix to tell
[0.012s]   CMake that the project does not need compatibility with older versions.
[0.012s] 
[0.012s] [0m
[0.021s] [31mCMake Error at CMakeLists.txt:16 (find_package):
[0.021s]   By not providing "Findcatkin.cmake" in CMAKE_MODULE_PATH this project has
[0.021s]   asked CMake to find a package configuration file provided by "catkin", but
[0.021s]   CMake did not find one.
[0.021s] 
[0.021s]   Could not find a package configuration file provided by "catkin" with any
[0.021s]   of the following names:
[0.021s] 
[0.021s]     catkinConfig.cmake
[0.021s]     catkin-config.cmake
[0.021s] 
[0.021s]   Add the installation prefix of "catkin" to CMAKE_PREFIX_PATH or set
[0.021s]   "catkin_DIR" to a directory containing one of the above files.  If "catkin"
[0.021s]   provides a separate development package or SDK, be sure it has been
[0.021s]   installed.
[0.021s] 
[0.021s] [0m
[0.021s] -- Configuring incomplete, errors occurred!
[0.021s] See also "/home/ohheemin/RP/build/rplidar_ros/CMakeFiles/CMakeOutput.log".
[0.022s] Invoked command in '/home/ohheemin/RP/build/rplidar_ros' returned '1': /usr/bin/cmake /home/ohheemin/RP/rplidar_ros -DCATKIN_INSTALL_INTO_PREFIX_ROOT=0 -DCMAKE_INSTALL_PREFIX=/home/ohheemin/RP/install/rplidar_ros
