[0.076s] DEBUG:colcon:Command line arguments: ['/usr/bin/colcon', 'build']
[0.076s] DEBUG:colcon:Parsed command line arguments: Namespace(log_base=None, log_level=None, verb_name='build', build_base='build', install_base='install', merge_install=False, symlink_install=False, test_result_base=None, continue_on_error=False, executor='parallel', parallel_workers=32, event_handlers=None, ignore_user_meta=False, metas=['./colcon.meta'], base_paths=['.'], packages_ignore=None, packages_ignore_regex=None, paths=None, packages_up_to=None, packages_up_to_regex=None, packages_above=None, packages_above_and_dependencies=None, packages_above_depth=None, packages_select_by_dep=None, packages_skip_by_dep=None, packages_skip_up_to=None, packages_select_build_failed=False, packages_skip_build_finished=False, packages_select_test_failures=False, packages_skip_test_passed=False, packages_select=None, packages_skip=None, packages_select_regex=None, packages_skip_regex=None, packages_start=None, packages_end=None, allow_overriding=[], cmake_args=None, cmake_target=None, cmake_target_skip_unavailable=False, cmake_clean_cache=False, cmake_clean_first=False, cmake_force_configure=False, ament_cmake_args=None, catkin_cmake_args=None, catkin_skip_building_tests=False, mixin_files=None, mixin=None, verb_parser=<colcon_mixin.mixin.mixin_argument.MixinArgumentDecorator object at 0x7594acb47f70>, verb_extension=<colcon_core.verb.build.BuildVerb object at 0x7594acb475e0>, main=<bound method BuildVerb.main of <colcon_core.verb.build.BuildVerb object at 0x7594acb475e0>>, mixin_verb=('build',))
[0.108s] Level 1:colcon.colcon_core.package_discovery:discover_packages(colcon_meta) check parameters
[0.108s] Level 1:colcon.colcon_core.package_discovery:discover_packages(recursive) check parameters
[0.108s] Level 1:colcon.colcon_core.package_discovery:discover_packages(ignore) check parameters
[0.108s] Level 1:colcon.colcon_core.package_discovery:discover_packages(path) check parameters
[0.108s] Level 1:colcon.colcon_core.package_discovery:discover_packages(colcon_meta) discover
[0.108s] Level 1:colcon.colcon_core.package_discovery:discover_packages(recursive) discover
[0.108s] INFO:colcon.colcon_core.package_discovery:Crawling recursively for packages in '/home/ohheemin/RP'
[0.108s] Level 1:colcon.colcon_core.package_identification:_identify(.) by extensions ['ignore', 'ignore_ament_install']
[0.109s] Level 1:colcon.colcon_core.package_identification:_identify(.) by extension 'ignore'
[0.109s] Level 1:colcon.colcon_core.package_identification:_identify(.) by extension 'ignore_ament_install'
[0.109s] Level 1:colcon.colcon_core.package_identification:_identify(.) by extensions ['colcon_pkg']
[0.109s] Level 1:colcon.colcon_core.package_identification:_identify(.) by extension 'colcon_pkg'
[0.109s] Level 1:colcon.colcon_core.package_identification:_identify(.) by extensions ['colcon_meta']
[0.109s] Level 1:colcon.colcon_core.package_identification:_identify(.) by extension 'colcon_meta'
[0.109s] Level 1:colcon.colcon_core.package_identification:_identify(.) by extensions ['ros']
[0.109s] Level 1:colcon.colcon_core.package_identification:_identify(.) by extension 'ros'
[0.118s] Level 1:colcon.colcon_core.package_identification:_identify(.) by extensions ['cmake', 'python']
[0.118s] Level 1:colcon.colcon_core.package_identification:_identify(.) by extension 'cmake'
[0.118s] Level 1:colcon.colcon_core.package_identification:_identify(.) by extension 'python'
[0.118s] Level 1:colcon.colcon_core.package_identification:_identify(.) by extensions ['python_setup_py']
[0.118s] Level 1:colcon.colcon_core.package_identification:_identify(.) by extension 'python_setup_py'
[0.118s] Level 1:colcon.colcon_core.package_identification:_identify(build) by extensions ['ignore', 'ignore_ament_install']
[0.118s] Level 1:colcon.colcon_core.package_identification:_identify(build) by extension 'ignore'
[0.118s] Level 1:colcon.colcon_core.package_identification:_identify(build) ignored
[0.118s] Level 1:colcon.colcon_core.package_identification:_identify(install) by extensions ['ignore', 'ignore_ament_install']
[0.118s] Level 1:colcon.colcon_core.package_identification:_identify(install) by extension 'ignore'
[0.118s] Level 1:colcon.colcon_core.package_identification:_identify(install) ignored
[0.118s] Level 1:colcon.colcon_core.package_identification:_identify(log) by extensions ['ignore', 'ignore_ament_install']
[0.118s] Level 1:colcon.colcon_core.package_identification:_identify(log) by extension 'ignore'
[0.118s] Level 1:colcon.colcon_core.package_identification:_identify(log) ignored
[0.118s] Level 1:colcon.colcon_core.package_identification:_identify(sllidar_ros2) by extensions ['ignore', 'ignore_ament_install']
[0.118s] Level 1:colcon.colcon_core.package_identification:_identify(sllidar_ros2) by extension 'ignore'
[0.118s] Level 1:colcon.colcon_core.package_identification:_identify(sllidar_ros2) by extension 'ignore_ament_install'
[0.118s] Level 1:colcon.colcon_core.package_identification:_identify(sllidar_ros2) by extensions ['colcon_pkg']
[0.118s] Level 1:colcon.colcon_core.package_identification:_identify(sllidar_ros2) by extension 'colcon_pkg'
[0.118s] Level 1:colcon.colcon_core.package_identification:_identify(sllidar_ros2) by extensions ['colcon_meta']
[0.118s] Level 1:colcon.colcon_core.package_identification:_identify(sllidar_ros2) by extension 'colcon_meta'
[0.118s] Level 1:colcon.colcon_core.package_identification:_identify(sllidar_ros2) by extensions ['ros']
[0.118s] Level 1:colcon.colcon_core.package_identification:_identify(sllidar_ros2) by extension 'ros'
[0.120s] DEBUG:colcon.colcon_core.package_identification:Package 'sllidar_ros2' with type 'ros.ament_cmake' and name 'sllidar_ros2'
[0.120s] Level 1:colcon.colcon_core.package_discovery:discover_packages(recursive) using defaults
[0.120s] Level 1:colcon.colcon_core.package_discovery:discover_packages(ignore) discover
[0.120s] Level 1:colcon.colcon_core.package_discovery:discover_packages(ignore) using defaults
[0.120s] Level 1:colcon.colcon_core.package_discovery:discover_packages(path) discover
[0.120s] Level 1:colcon.colcon_core.package_discovery:discover_packages(path) using defaults
[0.132s] Level 1:colcon.colcon_core.package_discovery:discover_packages(prefix_path) check parameters
[0.132s] Level 1:colcon.colcon_core.package_discovery:discover_packages(prefix_path) discover
[0.134s] DEBUG:colcon.colcon_installed_package_information.package_discovery:Found 284 installed packages in /opt/ros/humble
[0.135s] Level 1:colcon.colcon_core.package_discovery:discover_packages(prefix_path) using defaults
[0.154s] Level 5:colcon.colcon_core.verb:set package 'sllidar_ros2' build argument 'cmake_args' from command line to 'None'
[0.154s] Level 5:colcon.colcon_core.verb:set package 'sllidar_ros2' build argument 'cmake_target' from command line to 'None'
[0.154s] Level 5:colcon.colcon_core.verb:set package 'sllidar_ros2' build argument 'cmake_target_skip_unavailable' from command line to 'False'
[0.154s] Level 5:colcon.colcon_core.verb:set package 'sllidar_ros2' build argument 'cmake_clean_cache' from command line to 'False'
[0.154s] Level 5:colcon.colcon_core.verb:set package 'sllidar_ros2' build argument 'cmake_clean_first' from command line to 'False'
[0.154s] Level 5:colcon.colcon_core.verb:set package 'sllidar_ros2' build argument 'cmake_force_configure' from command line to 'False'
[0.154s] Level 5:colcon.colcon_core.verb:set package 'sllidar_ros2' build argument 'ament_cmake_args' from command line to 'None'
[0.154s] Level 5:colcon.colcon_core.verb:set package 'sllidar_ros2' build argument 'catkin_cmake_args' from command line to 'None'
[0.154s] Level 5:colcon.colcon_core.verb:set package 'sllidar_ros2' build argument 'catkin_skip_building_tests' from command line to 'False'
[0.154s] DEBUG:colcon.colcon_core.verb:Building package 'sllidar_ros2' with the following arguments: {'ament_cmake_args': None, 'build_base': '/home/ohheemin/RP/build/sllidar_ros2', 'catkin_cmake_args': None, 'catkin_skip_building_tests': False, 'cmake_args': None, 'cmake_clean_cache': False, 'cmake_clean_first': False, 'cmake_force_configure': False, 'cmake_target': None, 'cmake_target_skip_unavailable': False, 'install_base': '/home/ohheemin/RP/install/sllidar_ros2', 'merge_install': False, 'path': '/home/ohheemin/RP/sllidar_ros2', 'symlink_install': False, 'test_result_base': None}
[0.154s] INFO:colcon.colcon_core.executor:Executing jobs using 'parallel' executor
[0.155s] DEBUG:colcon.colcon_parallel_executor.executor.parallel:run_until_complete
[0.155s] INFO:colcon.colcon_ros.task.ament_cmake.build:Building ROS package in '/home/ohheemin/RP/sllidar_ros2' with build type 'ament_cmake'
[0.155s] INFO:colcon.colcon_cmake.task.cmake.build:Building CMake package in '/home/ohheemin/RP/sllidar_ros2'
[0.157s] INFO:colcon.colcon_core.plugin_system:Skipping extension 'colcon_core.shell.bat': Not used on non-Windows systems
[0.157s] INFO:colcon.colcon_core.shell:Skip shell extension 'powershell' for command environment: Not usable outside of PowerShell
[0.158s] DEBUG:colcon.colcon_core.shell:Skip shell extension 'dsv' for command environment
[0.165s] DEBUG:colcon.colcon_core.event_handler.log_command:Invoking command in '/home/ohheemin/RP/build/sllidar_ros2': CMAKE_PREFIX_PATH=/opt/ros/humble /usr/bin/cmake --build /home/ohheemin/RP/build/sllidar_ros2 -- -j32 -l32
[0.246s] DEBUG:colcon.colcon_core.event_handler.log_command:Invoked command in '/home/ohheemin/RP/build/sllidar_ros2' returned '0': CMAKE_PREFIX_PATH=/opt/ros/humble /usr/bin/cmake --build /home/ohheemin/RP/build/sllidar_ros2 -- -j32 -l32
[0.252s] DEBUG:colcon.colcon_core.event_handler.log_command:Invoking command in '/home/ohheemin/RP/build/sllidar_ros2': CMAKE_PREFIX_PATH=/opt/ros/humble /usr/bin/cmake --install /home/ohheemin/RP/build/sllidar_ros2
[0.261s] Level 1:colcon.colcon_core.environment:create_environment_scripts_only(sllidar_ros2)
[0.261s] DEBUG:colcon.colcon_core.event_handler.log_command:Invoked command in '/home/ohheemin/RP/build/sllidar_ros2' returned '0': CMAKE_PREFIX_PATH=/opt/ros/humble /usr/bin/cmake --install /home/ohheemin/RP/build/sllidar_ros2
[0.264s] Level 1:colcon.colcon_core.environment:checking '/home/ohheemin/RP/install/sllidar_ros2' for CMake module files
[0.264s] Level 1:colcon.colcon_core.environment:checking '/home/ohheemin/RP/install/sllidar_ros2' for CMake config files
[0.265s] Level 1:colcon.colcon_core.shell:create_environment_hook('sllidar_ros2', 'cmake_prefix_path')
[0.265s] INFO:colcon.colcon_core.shell:Creating environment hook '/home/ohheemin/RP/install/sllidar_ros2/share/sllidar_ros2/hook/cmake_prefix_path.ps1'
[0.265s] INFO:colcon.colcon_core.shell:Creating environment descriptor '/home/ohheemin/RP/install/sllidar_ros2/share/sllidar_ros2/hook/cmake_prefix_path.dsv'
[0.266s] INFO:colcon.colcon_core.shell:Creating environment hook '/home/ohheemin/RP/install/sllidar_ros2/share/sllidar_ros2/hook/cmake_prefix_path.sh'
[0.266s] Level 1:colcon.colcon_core.environment:checking '/home/ohheemin/RP/install/sllidar_ros2/lib'
[0.266s] Level 1:colcon.colcon_core.environment:checking '/home/ohheemin/RP/install/sllidar_ros2/bin'
[0.266s] Level 1:colcon.colcon_core.environment:checking '/home/ohheemin/RP/install/sllidar_ros2/lib/pkgconfig/sllidar_ros2.pc'
[0.266s] Level 1:colcon.colcon_core.environment:checking '/home/ohheemin/RP/install/sllidar_ros2/lib/python3.10/site-packages'
[0.266s] Level 1:colcon.colcon_core.environment:checking '/home/ohheemin/RP/install/sllidar_ros2/bin'
[0.267s] INFO:colcon.colcon_core.shell:Creating package script '/home/ohheemin/RP/install/sllidar_ros2/share/sllidar_ros2/package.ps1'
[0.267s] INFO:colcon.colcon_core.shell:Creating package descriptor '/home/ohheemin/RP/install/sllidar_ros2/share/sllidar_ros2/package.dsv'
[0.267s] INFO:colcon.colcon_core.shell:Creating package script '/home/ohheemin/RP/install/sllidar_ros2/share/sllidar_ros2/package.sh'
[0.268s] INFO:colcon.colcon_core.shell:Creating package script '/home/ohheemin/RP/install/sllidar_ros2/share/sllidar_ros2/package.bash'
[0.268s] INFO:colcon.colcon_core.shell:Creating package script '/home/ohheemin/RP/install/sllidar_ros2/share/sllidar_ros2/package.zsh'
[0.269s] Level 1:colcon.colcon_core.environment:create_file_with_runtime_dependencies(/home/ohheemin/RP/install/sllidar_ros2/share/colcon-core/packages/sllidar_ros2)
[0.269s] Level 1:colcon.colcon_core.environment:create_environment_scripts_only(sllidar_ros2)
[0.269s] Level 1:colcon.colcon_core.environment:checking '/home/ohheemin/RP/install/sllidar_ros2' for CMake module files
[0.270s] Level 1:colcon.colcon_core.environment:checking '/home/ohheemin/RP/install/sllidar_ros2' for CMake config files
[0.270s] Level 1:colcon.colcon_core.shell:create_environment_hook('sllidar_ros2', 'cmake_prefix_path')
[0.270s] INFO:colcon.colcon_core.shell:Creating environment hook '/home/ohheemin/RP/install/sllidar_ros2/share/sllidar_ros2/hook/cmake_prefix_path.ps1'
[0.270s] INFO:colcon.colcon_core.shell:Creating environment descriptor '/home/ohheemin/RP/install/sllidar_ros2/share/sllidar_ros2/hook/cmake_prefix_path.dsv'
[0.270s] INFO:colcon.colcon_core.shell:Creating environment hook '/home/ohheemin/RP/install/sllidar_ros2/share/sllidar_ros2/hook/cmake_prefix_path.sh'
[0.270s] Level 1:colcon.colcon_core.environment:checking '/home/ohheemin/RP/install/sllidar_ros2/lib'
[0.270s] Level 1:colcon.colcon_core.environment:checking '/home/ohheemin/RP/install/sllidar_ros2/bin'
[0.270s] Level 1:colcon.colcon_core.environment:checking '/home/ohheemin/RP/install/sllidar_ros2/lib/pkgconfig/sllidar_ros2.pc'
[0.271s] Level 1:colcon.colcon_core.environment:checking '/home/ohheemin/RP/install/sllidar_ros2/lib/python3.10/site-packages'
[0.271s] Level 1:colcon.colcon_core.environment:checking '/home/ohheemin/RP/install/sllidar_ros2/bin'
[0.271s] INFO:colcon.colcon_core.shell:Creating package script '/home/ohheemin/RP/install/sllidar_ros2/share/sllidar_ros2/package.ps1'
[0.271s] INFO:colcon.colcon_core.shell:Creating package descriptor '/home/ohheemin/RP/install/sllidar_ros2/share/sllidar_ros2/package.dsv'
[0.271s] INFO:colcon.colcon_core.shell:Creating package script '/home/ohheemin/RP/install/sllidar_ros2/share/sllidar_ros2/package.sh'
[0.271s] INFO:colcon.colcon_core.shell:Creating package script '/home/ohheemin/RP/install/sllidar_ros2/share/sllidar_ros2/package.bash'
[0.272s] INFO:colcon.colcon_core.shell:Creating package script '/home/ohheemin/RP/install/sllidar_ros2/share/sllidar_ros2/package.zsh'
[0.272s] Level 1:colcon.colcon_core.environment:create_file_with_runtime_dependencies(/home/ohheemin/RP/install/sllidar_ros2/share/colcon-core/packages/sllidar_ros2)
[0.272s] DEBUG:colcon.colcon_parallel_executor.executor.parallel:closing loop
[0.272s] DEBUG:colcon.colcon_parallel_executor.executor.parallel:loop closed
[0.272s] DEBUG:colcon.colcon_parallel_executor.executor.parallel:run_until_complete finished with '0'
[0.272s] DEBUG:colcon.colcon_core.event_reactor:joining thread
[0.276s] INFO:colcon.colcon_core.plugin_system:Skipping extension 'colcon_notification.desktop_notification.terminal_notifier': Not used on non-Darwin systems
[0.276s] INFO:colcon.colcon_core.plugin_system:Skipping extension 'colcon_notification.desktop_notification.win32': Not used on non-Windows systems
[0.276s] INFO:colcon.colcon_notification.desktop_notification:Sending desktop notification using 'notify2'
[0.285s] DEBUG:colcon.colcon_core.event_reactor:joined thread
[0.286s] INFO:colcon.colcon_core.shell:Creating prefix script '/home/ohheemin/RP/install/local_setup.ps1'
[0.286s] INFO:colcon.colcon_core.shell:Creating prefix util module '/home/ohheemin/RP/install/_local_setup_util_ps1.py'
[0.287s] INFO:colcon.colcon_core.shell:Creating prefix chain script '/home/ohheemin/RP/install/setup.ps1'
[0.288s] INFO:colcon.colcon_core.shell:Creating prefix script '/home/ohheemin/RP/install/local_setup.sh'
[0.288s] INFO:colcon.colcon_core.shell:Creating prefix util module '/home/ohheemin/RP/install/_local_setup_util_sh.py'
[0.288s] INFO:colcon.colcon_core.shell:Creating prefix chain script '/home/ohheemin/RP/install/setup.sh'
[0.289s] INFO:colcon.colcon_core.shell:Creating prefix script '/home/ohheemin/RP/install/local_setup.bash'
[0.289s] INFO:colcon.colcon_core.shell:Creating prefix chain script '/home/ohheemin/RP/install/setup.bash'
[0.290s] INFO:colcon.colcon_core.shell:Creating prefix script '/home/ohheemin/RP/install/local_setup.zsh'
[0.290s] INFO:colcon.colcon_core.shell:Creating prefix chain script '/home/ohheemin/RP/install/setup.zsh'
