[0.008s] Invoking command in '/home/ohheemin/RP/build/sllidar_ros2': CMAKE_PREFIX_PATH=/opt/ros/humble /usr/bin/cmake --build /home/ohheemin/RP/build/sllidar_ros2 -- -j32 -l32
[0.074s] [  5%] [32m[1mLinking CXX executable sllidar_client[0m
[0.076s] [ 10%] [32m[1mLinking CXX executable sllidar_node[0m
[0.226s] [ 95%] Built target sllidar_node
[0.262s] [100%] Built target sllidar_client
[0.270s] Invoked command in '/home/ohheemin/RP/build/sllidar_ros2' returned '0': CMAKE_PREFIX_PATH=/opt/ros/humble /usr/bin/cmake --build /home/ohheemin/RP/build/sllidar_ros2 -- -j32 -l32
[0.276s] Invoking command in '/home/ohheemin/RP/build/sllidar_ros2': CMAKE_PREFIX_PATH=/opt/ros/humble /usr/bin/cmake --install /home/ohheemin/RP/build/sllidar_ros2
[0.282s] -- Install configuration: ""
[0.282s] -- Up-to-date: /home/ohheemin/RP/install/sllidar_ros2/share/sllidar_ros2/launch
[0.282s] -- Up-to-date: /home/ohheemin/RP/install/sllidar_ros2/share/sllidar_ros2/launch/sllidar_a2m8_launch.py
[0.282s] -- Up-to-date: /home/ohheemin/RP/install/sllidar_ros2/share/sllidar_ros2/launch/view_sllidar_a2m8_launch.py
[0.282s] -- Up-to-date: /home/ohheemin/RP/install/sllidar_ros2/share/sllidar_ros2/rviz
[0.283s] -- Up-to-date: /home/ohheemin/RP/install/sllidar_ros2/share/sllidar_ros2/rviz/sllidar_ros2.rviz
[0.283s] -- Installing: /home/ohheemin/RP/install/sllidar_ros2/lib/sllidar_ros2/sllidar_node
[0.285s] -- Set runtime path of "/home/ohheemin/RP/install/sllidar_ros2/lib/sllidar_ros2/sllidar_node" to ""
[0.285s] -- Installing: /home/ohheemin/RP/install/sllidar_ros2/lib/sllidar_ros2/sllidar_client
[0.287s] -- Set runtime path of "/home/ohheemin/RP/install/sllidar_ros2/lib/sllidar_ros2/sllidar_client" to ""
[0.287s] -- Up-to-date: /home/ohheemin/RP/install/sllidar_ros2/share/ament_index/resource_index/package_run_dependencies/sllidar_ros2
[0.287s] -- Up-to-date: /home/ohheemin/RP/install/sllidar_ros2/share/ament_index/resource_index/parent_prefix_path/sllidar_ros2
[0.287s] -- Up-to-date: /home/ohheemin/RP/install/sllidar_ros2/share/sllidar_ros2/environment/ament_prefix_path.sh
[0.287s] -- Up-to-date: /home/ohheemin/RP/install/sllidar_ros2/share/sllidar_ros2/environment/ament_prefix_path.dsv
[0.288s] -- Up-to-date: /home/ohheemin/RP/install/sllidar_ros2/share/sllidar_ros2/environment/path.sh
[0.288s] -- Up-to-date: /home/ohheemin/RP/install/sllidar_ros2/share/sllidar_ros2/environment/path.dsv
[0.288s] -- Up-to-date: /home/ohheemin/RP/install/sllidar_ros2/share/sllidar_ros2/local_setup.bash
[0.288s] -- Up-to-date: /home/ohheemin/RP/install/sllidar_ros2/share/sllidar_ros2/local_setup.sh
[0.288s] -- Up-to-date: /home/ohheemin/RP/install/sllidar_ros2/share/sllidar_ros2/local_setup.zsh
[0.288s] -- Up-to-date: /home/ohheemin/RP/install/sllidar_ros2/share/sllidar_ros2/local_setup.dsv
[0.288s] -- Installing: /home/ohheemin/RP/install/sllidar_ros2/share/sllidar_ros2/package.dsv
[0.288s] -- Up-to-date: /home/ohheemin/RP/install/sllidar_ros2/share/ament_index/resource_index/packages/sllidar_ros2
[0.288s] -- Up-to-date: /home/ohheemin/RP/install/sllidar_ros2/share/sllidar_ros2/cmake/ament_cmake_export_dependencies-extras.cmake
[0.288s] -- Up-to-date: /home/ohheemin/RP/install/sllidar_ros2/share/sllidar_ros2/cmake/ament_cmake_export_include_directories-extras.cmake
[0.288s] -- Up-to-date: /home/ohheemin/RP/install/sllidar_ros2/share/sllidar_ros2/cmake/sllidar_ros2Config.cmake
[0.288s] -- Up-to-date: /home/ohheemin/RP/install/sllidar_ros2/share/sllidar_ros2/cmake/sllidar_ros2Config-version.cmake
[0.288s] -- Up-to-date: /home/ohheemin/RP/install/sllidar_ros2/share/sllidar_ros2/package.xml
[0.289s] Invoked command in '/home/ohheemin/RP/build/sllidar_ros2' returned '0': CMAKE_PREFIX_PATH=/opt/ros/humble /usr/bin/cmake --install /home/ohheemin/RP/build/sllidar_ros2
